Added Component: Designator=D1(DIODO)
Added Component: Designator=J1(Borne1x2)
Added Component: Designator=J2(Borne1x2)
Added Component: Designator=R1(R_PTH)
Added Component: Designator=R2(R_PTH)
Added Component: Designator=R3(R_PTH)
Added Component: Designator=R4(R_PTH)
Added Component: Designator=R5(R_PTH)
Added Component: Designator=T1(2N2222)
Added Component: Designator=U1(STM32)
Add component (AddParameter): Name = "Check_prices"; Value = "https://www.snapeda.com/parts/STM32F103C8T6/STMicroelectronics/view-part/?ref=eda"; VariantName = "[No Variations]"
Add component (AddParameter): Name = "MF"; Value = "STMicroelectronics"; VariantName = "[No Variations]"
Add component (AddParameter): Name = "MP"; Value = "STM32F103C8T6"; VariantName = "[No Variations]"
Add component (AddParameter): Name = "Package"; Value = "LQFP-48 STMicroelectronics"; VariantName = "[No Variations]"
Add component (AddParameter): Name = "SnapEDA_Link"; Value = "https://www.snapeda.com/parts/STM32F103C8T6/STMicroelectronics/view-part/?ref=snap"; VariantName = "[No Variations]"
Add component (AddParameter): Name = "Value"; Value = ""; VariantName = "[No Variations]"
Added Component: Designator=U2(Rele)
Added Component: Designator=U3(KeyPad)
Added Component: Designator=U4(LCD_I2C)
Added Pin To Net: NetName=+5 Pin=J1-2
Added Pin To Net: NetName=+5 Pin=U1-5V
Added Pin To Net: NetName=+5 Pin=U2-1
Added Pin To Net: NetName=+5 Pin=U2-5
Added Pin To Net: NetName=+5 Pin=U4-2
Added Net: Name=+5
Added Pin To Net: NetName=GND Pin=J1-1
Added Pin To Net: NetName=GND Pin=J2-1
Added Pin To Net: NetName=GND Pin=R5-2
Added Pin To Net: NetName=GND Pin=T1-1
Added Pin To Net: NetName=GND Pin=U1-GND
Added Pin To Net: NetName=GND Pin=U1-GND
Added Pin To Net: NetName=GND Pin=U1-GND
Added Pin To Net: NetName=GND Pin=U4-1
Added Net: Name=GND
Added Pin To Net: NetName=NetD1_A Pin=T1-3
Added Pin To Net: NetName=NetD1_A Pin=U2-2
Added Net: Name=NetD1_A
Added Pin To Net: NetName=NetJ2_2 Pin=J2-2
Added Pin To Net: NetName=NetJ2_2 Pin=U2-4
Added Net: Name=NetJ2_2
Added Pin To Net: NetName=NetR1_1 Pin=R1-1
Added Pin To Net: NetName=NetR1_1 Pin=U1-45
Added Net: Name=NetR1_1
Added Pin To Net: NetName=NetR1_2 Pin=R1-2
Added Pin To Net: NetName=NetR1_2 Pin=U3-1
Added Net: Name=NetR1_2
Added Pin To Net: NetName=NetR2_1 Pin=R2-1
Added Pin To Net: NetName=NetR2_1 Pin=U3-2
Added Net: Name=NetR2_1
Added Pin To Net: NetName=NetR2_2 Pin=R2-2
Added Pin To Net: NetName=NetR2_2 Pin=U1-46
Added Net: Name=NetR2_2
Added Pin To Net: NetName=NetR3_1 Pin=R3-1
Added Pin To Net: NetName=NetR3_1 Pin=U3-3
Added Net: Name=NetR3_1
Added Pin To Net: NetName=NetR3_2 Pin=R3-2
Added Pin To Net: NetName=NetR3_2 Pin=U1-21
Added Net: Name=NetR3_2
Added Pin To Net: NetName=NetR4_1 Pin=R4-1
Added Pin To Net: NetName=NetR4_1 Pin=R5-1
Added Pin To Net: NetName=NetR4_1 Pin=T1-2
Added Net: Name=NetR4_1
Added Pin To Net: NetName=NetR4_2 Pin=R4-2
Added Pin To Net: NetName=NetR4_2 Pin=U1-33
Added Net: Name=NetR4_2
Added Pin To Net: NetName=NetU1_22 Pin=U1-22
Added Pin To Net: NetName=NetU1_22 Pin=U3-4
Added Net: Name=NetU1_22
Added Pin To Net: NetName=NetU1_25 Pin=U1-25
Added Pin To Net: NetName=NetU1_25 Pin=U3-5
Added Net: Name=NetU1_25
Added Pin To Net: NetName=NetU1_26 Pin=U1-26
Added Pin To Net: NetName=NetU1_26 Pin=U3-6
Added Net: Name=NetU1_26
Added Pin To Net: NetName=NetU1_27 Pin=U1-27
Added Pin To Net: NetName=NetU1_27 Pin=U3-7
Added Net: Name=NetU1_27
Added Pin To Net: NetName=NetU1_42 Pin=U1-42
Added Pin To Net: NetName=NetU1_42 Pin=U4-4
Added Net: Name=NetU1_42
Added Pin To Net: NetName=NetU1_43 Pin=U1-43
Added Pin To Net: NetName=NetU1_43 Pin=U4-3
Added Net: Name=NetU1_43
Added Class: Name=Sheet1
Added Rule: Name=Schematic Supply Nets
Added Rule: Name=Schematic Supply Nets_1
